<?xml version="1.0" encoding="UTF-8"?>
<!-- Generated by org.testng.reporters.JUnitReportReporter -->
<testsuite hostname="DESKTOP-00M13P0" failures="0" tests="1" name="com.qcart.base.Base" time="24.966" errors="0" timestamp="2022-10-30T20:57:26 WAT" skipped="0">
  <testcase classname="com.qcart.base.Base" name="BeforeTest" time="24.966"/>
  <system-out/>
</testsuite> <!-- com.qcart.base.Base -->
